<component name="libraryTable">
  <library name="junit">
    <CLASSES>
      <root url="jar://$PROJECT_DIR$/3d party/junit.jar!/" />
      <root url="jar://$PROJECT_DIR$/3d party/org.hamcrest.core_1.3.0.v201303031735.jar!/" />
    </CLASSES>
    <JAVADOC />
    <SOURCES />
  </library>
</component>