<?xml version="1.0" encoding="UTF-8"?>
<TestRun id="7b8e072c-ca61-4f5f-a894-2d67f0a259e3" name="Administrator@SWC-IBOOK-VM 2014-02-04 14:45:55" runUser="SWC-IBOOK-VM\Administrator" xmlns="http://microsoft.com/schemas/VisualStudio/TeamTest/2010">
  <TestSettings name="Default Test Settings" id="de2b8ea4-078b-4a56-a934-4b4dfee05d80">
    <Deployment runDeploymentRoot="Administrator_SWC-IBOOK-VM 2014-02-04 14_45_55">
      <DeploymentItem filename="Z:\Seafile\USU\Classes\cs5200f14\Homework\InstructorSolution\BSvZP\Common\bin\Debug\Common.dll" />
    </Deployment>
    <Execution>
      <TestTypeSpecific />
      <AgentRule name="Execution Agents">
      </AgentRule>
    </Execution>
  </TestSettings>
  <Times creation="2014-02-04T14:45:55.5970000-07:00" queuing="2014-02-04T14:45:55.8778000-07:00" start="2014-02-04T14:45:55.8778000-07:00" finish="2014-02-04T14:45:56.2366000-07:00" />
  <ResultSummary outcome="Failed">
    <Counters total="1" executed="1" error="0" failed="1" timeout="0" aborted="0" inconclusive="0" passedButRunAborted="0" notRunnable="0" notExecuted="0" disconnected="0" warning="0" passed="0" completed="0" inProgress="0" pending="0" />
  </ResultSummary>
  <TestDefinitions>
    <UnitTest name="FieldLocation_Properties" storage="z:\seafile\usu\classes\cs5200f14\homework\instructorsolution\bsvzp\commontester\bin\debug\commontester.dll" id="266e5398-90c3-d2d7-e9e4-19082e4ba198">
      <Execution id="90ef6c3d-a879-4f83-8cbd-456fef2d41f2" />
      <TestMethod codeBase="Z:/Seafile/USU/Classes/cs5200f14/Homework/InstructorSolution/BSvZP/CommonTester/bin/Debug/CommonTester.DLL" adapterTypeName="Microsoft.VisualStudio.TestTools.TestTypes.Unit.UnitTestAdapter, Microsoft.VisualStudio.QualityTools.Tips.UnitTest.Adapter, Version=10.0.0.0, Culture=neutral, PublicKeyToken=b03f5f7f11d50a3a" className="CommonTester.FieldLocationTester, CommonTester, Version=1.0.0.0, Culture=neutral, PublicKeyToken=null" name="FieldLocation_Properties" />
    </UnitTest>
  </TestDefinitions>
  <TestLists>
    <TestList name="Results Not in a List" id="8c84fa94-04c1-424b-9868-57a2d4851a1d" />
    <TestList name="All Loaded Results" id="19431567-8539-422a-85d7-44ee4e166bda" />
  </TestLists>
  <TestEntries>
    <TestEntry testId="266e5398-90c3-d2d7-e9e4-19082e4ba198" executionId="90ef6c3d-a879-4f83-8cbd-456fef2d41f2" testListId="8c84fa94-04c1-424b-9868-57a2d4851a1d" />
  </TestEntries>
  <Results>
    <UnitTestResult executionId="90ef6c3d-a879-4f83-8cbd-456fef2d41f2" testId="266e5398-90c3-d2d7-e9e4-19082e4ba198" testName="FieldLocation_Properties" computerName="SWC-IBOOK-VM" duration="00:00:00.0386399" startTime="2014-02-04T14:45:55.9402000-07:00" endTime="2014-02-04T14:45:56.1898000-07:00" testType="13cdc9d9-ddb5-4fa4-a97d-d965ccfc6d4b" outcome="Failed" testListId="8c84fa94-04c1-424b-9868-57a2d4851a1d" relativeResultsDirectory="90ef6c3d-a879-4f83-8cbd-456fef2d41f2">
      <Output>
        <ErrorInfo>
          <Message>Assert.AreEqual failed. Expected:&lt;False&gt;. Actual:&lt;True&gt;. </Message>
          <StackTrace>   at CommonTester.FieldLocationTester.FieldLocation_Properties() in Z:\Seafile\USU\Classes\cs5200f14\Homework\InstructorSolution\BSvZP\CommonTester\FieldLocationTester.cs:line 94
</StackTrace>
        </ErrorInfo>
      </Output>
    </UnitTestResult>
  </Results>
</TestRun>