<?xml version="1.0" encoding="UTF-8"?>
<TestRun id="4f3ee7d5-d260-4e98-a6de-bc2eeed3c36f" name="Administrator@SWC-IBOOK-VM 2014-02-05 13:57:27" runUser="SWC-IBOOK-VM\Administrator" xmlns="http://microsoft.com/schemas/VisualStudio/TeamTest/2010">
  <TestSettings name="Default Test Settings" id="9e1a8e5f-1185-4947-a709-8f417b67e1d7">
    <Deployment runDeploymentRoot="Administrator_SWC-IBOOK-VM 2014-02-05 13_57_27">
      <DeploymentItem filename="Z:\Seafile\USU\Classes\cs5200f14\Homework\InstructorSolution\BSvZP\Common\bin\Debug\Common.dll" />
    </Deployment>
    <Execution>
      <TestTypeSpecific />
      <AgentRule name="Execution Agents">
      </AgentRule>
    </Execution>
  </TestSettings>
  <Times creation="2014-02-05T13:57:27.4492000-07:00" queuing="2014-02-05T13:57:27.7144000-07:00" start="2014-02-05T13:57:27.7144000-07:00" finish="2014-02-05T13:57:28.0264000-07:00" />
  <ResultSummary outcome="Completed">
    <Counters total="1" executed="1" passed="1" error="0" failed="0" timeout="0" aborted="0" inconclusive="0" passedButRunAborted="0" notRunnable="0" notExecuted="0" disconnected="0" warning="0" completed="0" inProgress="0" pending="0" />
  </ResultSummary>
  <TestDefinitions>
    <UnitTest name="FieldLocation_EncodeDecode" storage="z:\seafile\usu\classes\cs5200f14\homework\instructorsolution\bsvzp\commontester\bin\debug\commontester.dll" id="5d48c528-e032-4a60-3572-cef9dba90c89">
      <Execution id="91a6a2d5-0289-4791-aa81-ad048b09f96c" />
      <TestMethod codeBase="Z:/Seafile/USU/Classes/cs5200f14/Homework/InstructorSolution/BSvZP/CommonTester/bin/Debug/CommonTester.DLL" adapterTypeName="Microsoft.VisualStudio.TestTools.TestTypes.Unit.UnitTestAdapter, Microsoft.VisualStudio.QualityTools.Tips.UnitTest.Adapter, Version=10.0.0.0, Culture=neutral, PublicKeyToken=b03f5f7f11d50a3a" className="CommonTester.FieldLocationTester, CommonTester, Version=1.0.0.0, Culture=neutral, PublicKeyToken=null" name="FieldLocation_EncodeDecode" />
    </UnitTest>
  </TestDefinitions>
  <TestLists>
    <TestList name="Results Not in a List" id="8c84fa94-04c1-424b-9868-57a2d4851a1d" />
    <TestList name="All Loaded Results" id="19431567-8539-422a-85d7-44ee4e166bda" />
  </TestLists>
  <TestEntries>
    <TestEntry testId="5d48c528-e032-4a60-3572-cef9dba90c89" executionId="91a6a2d5-0289-4791-aa81-ad048b09f96c" testListId="8c84fa94-04c1-424b-9868-57a2d4851a1d" />
  </TestEntries>
  <Results>
    <UnitTestResult executionId="91a6a2d5-0289-4791-aa81-ad048b09f96c" testId="5d48c528-e032-4a60-3572-cef9dba90c89" testName="FieldLocation_EncodeDecode" computerName="SWC-IBOOK-VM" duration="00:00:00.0563831" startTime="2014-02-05T13:57:27.7456000-07:00" endTime="2014-02-05T13:57:27.9952000-07:00" testType="13cdc9d9-ddb5-4fa4-a97d-d965ccfc6d4b" outcome="Passed" testListId="8c84fa94-04c1-424b-9868-57a2d4851a1d" relativeResultsDirectory="91a6a2d5-0289-4791-aa81-ad048b09f96c">
    </UnitTestResult>
  </Results>
</TestRun>